<?xml version="1.0" encoding="UTF-8"?>
<testsuite name="com.mpesa.tracker.domain.parser.MpesaParserTest" tests="8" skipped="0" failures="0" errors="0" timestamp="2026-03-14T15:51:40" hostname="DESKTOP-IQFU7RO" time="0.043">
  <properties/>
  <testcase name="test valid Paybill message parsing" classname="com.mpesa.tracker.domain.parser.MpesaParserTest" time="0.034"/>
  <testcase name="test parsing fails on promo message" classname="com.mpesa.tracker.domain.parser.MpesaParserTest" time="0.001"/>
  <testcase name="test parsing fails on non-mpesa message" classname="com.mpesa.tracker.domain.parser.MpesaParserTest" time="0.0"/>
  <testcase name="test valid Send Money message parsing" classname="com.mpesa.tracker.domain.parser.MpesaParserTest" time="0.002"/>
  <testcase name="test valid Buy Goods message parsing" classname="com.mpesa.tracker.domain.parser.MpesaParserTest" time="0.001"/>
  <testcase name="test valid Withdraw Cash message parsing" classname="com.mpesa.tracker.domain.parser.MpesaParserTest" time="0.003"/>
  <testcase name="test valid Received Money message parsing" classname="com.mpesa.tracker.domain.parser.MpesaParserTest" time="0.001"/>
  <testcase name="test valid Buy Airtime message parsing" classname="com.mpesa.tracker.domain.parser.MpesaParserTest" time="0.001"/>
  <system-out><![CDATA[]]></system-out>
  <system-err><![CDATA[]]></system-err>
</testsuite>
